[2021-07-27 09:59:21][4] Processing: App\Jobs\PasswordReset
[2021-07-27 09:59:25][4] Processed:  App\Jobs\PasswordReset
[2021-07-27 09:59:25][5] Processing: App\Jobs\PasswordReset
[2021-07-27 09:59:27][6] Processing: App\Jobs\PasswordReset
[2021-07-27 09:59:28][5] Processed:  App\Jobs\PasswordReset
[2021-07-27 09:59:28][7] Processing: App\Jobs\PasswordReset
[2021-07-27 09:59:30][8] Processing: App\Jobs\PasswordReset
[2021-07-27 09:59:30][9] Processing: App\Jobs\PasswordReset
[2021-07-27 09:59:30][10] Processing: App\Jobs\PasswordReset
[2021-07-27 09:59:30][6] Processed:  App\Jobs\PasswordReset
[2021-07-27 09:59:31][7] Processed:  App\Jobs\PasswordReset
[2021-07-27 09:59:31][11] Processing: App\Jobs\PasswordReset
[2021-07-27 09:59:33][12] Processing: App\Jobs\PasswordReset
[2021-07-27 09:59:33][13] Processing: App\Jobs\PasswordReset
[2021-07-27 09:59:33][14] Processing: App\Jobs\PasswordReset
[2021-07-27 09:59:34][8] Processed:  App\Jobs\PasswordReset
[2021-07-27 09:59:34][15] Processing: App\Jobs\PasswordReset
[2021-07-27 09:59:34][16] Processing: App\Jobs\PasswordReset
[2021-07-27 09:59:34][17] Processing: App\Jobs\PasswordReset
[2021-07-27 09:59:37][12] Processed:  App\Jobs\PasswordReset
[2021-07-27 09:59:37][13] Processed:  App\Jobs\PasswordReset
[2021-07-27 09:59:37][14] Processed:  App\Jobs\PasswordReset
[2021-07-27 09:59:37][15] Processed:  App\Jobs\PasswordReset
[2021-07-27 09:59:37][17] Processed:  App\Jobs\PasswordReset
[2021-07-27 09:59:38][18] Processing: App\Jobs\PasswordReset
[2021-07-27 09:59:40][18] Failed:     App\Jobs\PasswordReset
[2021-07-27 10:06:22][19] Processing: App\Jobs\PasswordReset
[2021-07-27 10:06:22][20] Processing: App\Jobs\PasswordReset
[2021-07-27 10:06:22][21] Processing: App\Jobs\PasswordReset
[2021-07-27 10:06:22][22] Processing: App\Jobs\PasswordReset
[2021-07-27 10:06:23][23] Processing: App\Jobs\PasswordReset
[2021-07-27 10:06:25][19] Processed:  App\Jobs\PasswordReset
[2021-07-27 10:06:25][24] Processing: App\Jobs\PasswordReset
[2021-07-27 10:06:25][25] Processing: App\Jobs\PasswordReset
[2021-07-27 10:06:25][21] Processed:  App\Jobs\PasswordReset
[2021-07-27 10:06:25][26] Processing: App\Jobs\PasswordReset
[2021-07-27 10:06:26][20] Processed:  App\Jobs\PasswordReset
[2021-07-27 10:06:26][22] Processed:  App\Jobs\PasswordReset
[2021-07-27 10:06:26][23] Processed:  App\Jobs\PasswordReset
[2021-07-27 10:06:28][27] Processing: App\Jobs\PasswordReset
[2021-07-27 10:06:28][28] Processing: App\Jobs\PasswordReset
[2021-07-27 10:06:28][29] Processing: App\Jobs\PasswordReset
[2021-07-27 10:06:30][30] Processing: App\Jobs\PasswordReset
[2021-07-27 10:06:31][31] Processing: App\Jobs\PasswordReset
[2021-07-27 10:06:31][32] Processing: App\Jobs\PasswordReset
[2021-07-27 10:06:33][30] Failed:     App\Jobs\PasswordReset
[2021-07-27 10:06:34][31] Failed:     App\Jobs\PasswordReset
[2021-07-27 10:06:34][32] Failed:     App\Jobs\PasswordReset
[2021-07-27 10:10:32][33] Processing: App\Jobs\PasswordReset
[2021-07-27 10:10:35][33] Processed:  App\Jobs\PasswordReset
[2021-07-27 13:22:41][34] Processing: App\Jobs\PasswordReset
[2021-07-27 13:22:41][35] Processing: App\Jobs\PasswordReset
[2021-07-27 13:22:42][36] Processing: App\Jobs\PasswordReset
[2021-07-27 13:22:42][36] Failed:     App\Jobs\PasswordReset
[2021-07-27 13:24:08][37] Processing: App\Jobs\PasswordReset
[2021-07-27 13:24:09][38] Processing: App\Jobs\PasswordReset
[2021-07-27 13:24:09][39] Processing: App\Jobs\PasswordReset
[2021-07-27 13:24:09][39] Failed:     App\Jobs\PasswordReset
[2021-07-27 13:51:02][40] Processing: App\Jobs\PasswordReset
[2021-07-27 13:51:02][41] Processing: App\Jobs\PasswordReset
[2021-07-27 13:51:02][42] Processing: App\Jobs\PasswordReset
[2021-07-27 13:51:02][42] Failed:     App\Jobs\PasswordReset
[2021-07-27 13:52:26][43] Processing: App\Jobs\PasswordReset
/var/www/shop/app/Jobs/PasswordReset.php:36:
string(3) "ali"
[2021-07-27 13:52:26][44] Processing: App\Jobs\PasswordReset
[2021-07-27 13:52:26][45] Processing: App\Jobs\PasswordReset
[2021-07-27 13:52:26][45] Failed:     App\Jobs\PasswordReset
[2021-07-27 13:53:43][46] Processing: App\Jobs\PasswordReset
/var/www/shop/app/Jobs/PasswordReset.php:36:
string(3) "ali"
[2021-07-27 13:53:43][47] Processing: App\Jobs\PasswordReset
/var/www/shop/app/Jobs/PasswordReset.php:36:
string(3) "ali"
[2021-07-27 13:53:43][48] Processing: App\Jobs\PasswordReset
/var/www/shop/app/Jobs/PasswordReset.php:36:
string(3) "ali"
[2021-07-27 13:53:43][48] Failed:     App\Jobs\PasswordReset
[2021-07-27 13:54:56][49] Processing: App\Jobs\PasswordReset
[2021-07-27 13:54:57][50] Processing: App\Jobs\PasswordReset
[2021-07-27 13:54:57][51] Processing: App\Jobs\PasswordReset
[2021-07-27 13:54:57][51] Failed:     App\Jobs\PasswordReset
[2021-07-27 13:55:53][52] Processing: App\Jobs\PasswordReset
/var/www/shop/app/Jobs/PasswordReset.php:37:
class App\Services\AuthService#885 (0) {
}
[2021-07-27 13:55:53][53] Processing: App\Jobs\PasswordReset
/var/www/shop/app/Jobs/PasswordReset.php:37:
class App\Services\AuthService#878 (0) {
}
[2021-07-27 13:55:53][54] Processing: App\Jobs\PasswordReset
/var/www/shop/app/Jobs/PasswordReset.php:37:
class App\Services\AuthService#907 (0) {
}
[2021-07-27 13:55:53][54] Failed:     App\Jobs\PasswordReset
[2021-07-27 13:57:23][55] Processing: App\Jobs\PasswordReset
/var/www/shop/app/Jobs/PasswordReset.php:38:
class App\Services\AuthService#885 (0) {
}
[2021-07-27 13:57:23][56] Processing: App\Jobs\PasswordReset
/var/www/shop/app/Jobs/PasswordReset.php:38:
class App\Services\AuthService#882 (0) {
}
[2021-07-27 13:57:23][57] Processing: App\Jobs\PasswordReset
/var/www/shop/app/Jobs/PasswordReset.php:38:
class App\Services\AuthService#907 (0) {
}
[2021-07-27 13:57:23][57] Failed:     App\Jobs\PasswordReset
[2021-07-27 13:58:32][58] Processing: App\Jobs\PasswordReset
[2021-07-27 13:58:32][59] Processing: App\Jobs\PasswordReset
[2021-07-27 13:58:32][60] Processing: App\Jobs\PasswordReset
[2021-07-27 13:58:32][60] Failed:     App\Jobs\PasswordReset
[2021-07-27 14:00:08][61] Processing: App\Jobs\PasswordReset
/var/www/shop/app/Jobs/PasswordReset.php:37:
string(51) "http://192.168.1.137:3000/admin/reset-password/sdsd"
[2021-07-27 14:00:08][62] Processing: App\Jobs\PasswordReset
/var/www/shop/app/Jobs/PasswordReset.php:37:
string(51) "http://192.168.1.137:3000/admin/reset-password/sdsd"
[2021-07-27 14:00:08][63] Processing: App\Jobs\PasswordReset
/var/www/shop/app/Jobs/PasswordReset.php:37:
string(51) "http://192.168.1.137:3000/admin/reset-password/sdsd"
[2021-07-27 14:00:08][63] Failed:     App\Jobs\PasswordReset
[2021-07-27 14:04:41][64] Processing: App\Jobs\PasswordReset
/var/www/shop/app/Jobs/PasswordReset.php:37:
string(51) "http://192.168.1.137:3000/admin/reset-password/sdsd"
sdssssssssssss/var/www/shop/app/Services/MainService.php:82:
string(14) "fake@gmail.com"
[2021-07-27 14:04:46][64] Processed:  App\Jobs\PasswordReset
[2021-07-27 14:06:41][65] Processing: App\Jobs\PasswordReset
[2021-07-27 14:06:42][66] Processing: App\Jobs\PasswordReset
[2021-07-27 14:06:42][67] Processing: App\Jobs\PasswordReset
[2021-07-27 14:06:42][67] Failed:     App\Jobs\PasswordReset
[2021-07-27 14:07:15][68] Processing: App\Jobs\PasswordReset
[2021-07-27 14:07:15][69] Processing: App\Jobs\PasswordReset
[2021-07-27 14:07:15][70] Processing: App\Jobs\PasswordReset
[2021-07-27 14:07:15][70] Failed:     App\Jobs\PasswordReset
[2021-07-27 14:09:18][71] Processing: App\Jobs\PasswordReset
[2021-07-27 14:09:22][71] Processed:  App\Jobs\PasswordReset
[2021-07-27 14:09:34][72] Processing: App\Jobs\PasswordReset
[2021-07-27 14:09:34][73] Processing: App\Jobs\PasswordReset
[2021-07-27 14:09:37][72] Processed:  App\Jobs\PasswordReset
[2021-07-27 14:09:37][73] Processed:  App\Jobs\PasswordReset
[2021-07-27 14:10:09][74] Processing: App\Jobs\PasswordReset
[2021-07-27 14:10:09][75] Processing: App\Jobs\PasswordReset
[2021-07-27 14:10:09][76] Processing: App\Jobs\PasswordReset
[2021-07-27 14:10:10][76] Failed:     App\Jobs\PasswordReset
[2021-07-27 14:10:41][77] Processing: App\Jobs\PasswordReset
[2021-07-27 14:10:45][77] Processed:  App\Jobs\PasswordReset
[2021-07-28 07:19:44][1a021c58-6e32-41d5-8e60-1facd254cc8c] Processing: App\Jobs\PasswordReset
[2021-07-28 07:19:44][f1392fdd-e712-42d0-9089-ef4efe0f5a00] Processing: App\Jobs\PasswordReset
[2021-07-28 07:19:44][dc084431-fbe1-4466-9541-da6d1e6066c5] Processing: App\Jobs\PasswordReset
[2021-07-28 07:19:44][32f416f8-46ba-4025-8e3f-f6b3c6f158ad] Processing: App\Jobs\PasswordReset
[2021-07-28 07:19:44][62b74dbf-c71e-46f7-8364-fe6e786f4122] Processing: App\Jobs\PasswordReset
[2021-07-28 07:19:44][255f2d76-5aae-4b80-a13a-f8557c673a2d] Processing: App\Jobs\PasswordReset
[2021-07-28 07:19:44][9957c58c-11d5-45c5-9798-b4ce5ef4688f] Processing: App\Jobs\PasswordReset
[2021-07-28 07:19:56][1a021c58-6e32-41d5-8e60-1facd254cc8c] Processed:  App\Jobs\PasswordReset
[2021-07-28 07:19:56][f1392fdd-e712-42d0-9089-ef4efe0f5a00] Processed:  App\Jobs\PasswordReset
[2021-07-28 07:20:01][62b74dbf-c71e-46f7-8364-fe6e786f4122] Processed:  App\Jobs\PasswordReset
[2021-07-28 07:20:04][255f2d76-5aae-4b80-a13a-f8557c673a2d] Processed:  App\Jobs\PasswordReset
[2021-07-28 07:20:04][32f416f8-46ba-4025-8e3f-f6b3c6f158ad] Processed:  App\Jobs\PasswordReset
[2021-07-28 07:20:05][dc084431-fbe1-4466-9541-da6d1e6066c5] Processing: App\Jobs\PasswordReset
[2021-07-28 07:20:07][9957c58c-11d5-45c5-9798-b4ce5ef4688f] Processing: App\Jobs\PasswordReset
[2021-07-28 07:20:12][dc084431-fbe1-4466-9541-da6d1e6066c5] Processed:  App\Jobs\PasswordReset
[2021-07-28 07:20:14][9957c58c-11d5-45c5-9798-b4ce5ef4688f] Processed:  App\Jobs\PasswordReset
[2021-07-28 07:22:21][66f89cd7-4860-4bc6-85ff-19c87e6a52b5] Processing: App\Jobs\PasswordReset
[2021-07-28 07:22:23][8a6a5cc0-9353-4f4d-85f5-254148cfe4c4] Processing: App\Jobs\PasswordReset
[2021-07-28 07:22:24][66f89cd7-4860-4bc6-85ff-19c87e6a52b5] Processed:  App\Jobs\PasswordReset
[2021-07-28 07:22:24][0b81fe68-0011-478d-ad97-bb7f36044f5b] Processing: App\Jobs\PasswordReset
[2021-07-28 07:22:26][8a6a5cc0-9353-4f4d-85f5-254148cfe4c4] Processed:  App\Jobs\PasswordReset
[2021-07-28 07:22:27][0b81fe68-0011-478d-ad97-bb7f36044f5b] Processed:  App\Jobs\PasswordReset
[2021-07-28 07:23:20][cdfb2001-cdee-4e7f-8360-c68c5b4bcfc8] Processing: App\Jobs\PasswordReset
[2021-07-28 07:23:22][9c83492d-f714-4c83-9b26-cc43ab0bcefb] Processing: App\Jobs\PasswordReset
[2021-07-28 07:23:22][3cd908dc-7570-4381-b86b-5ab3d734277f] Processing: App\Jobs\PasswordReset
[2021-07-28 07:23:22][eaf80c77-06c3-4fe4-a900-51154926d618] Processing: App\Jobs\PasswordReset
[2021-07-28 07:23:23][933372b1-7db5-4484-8699-93a4c3a3d0f5] Processing: App\Jobs\PasswordReset
[2021-07-28 07:23:23][eed494ec-7238-4dcf-988f-e816bc9e6cf6] Processing: App\Jobs\PasswordReset
[2021-07-28 07:23:30][cdfb2001-cdee-4e7f-8360-c68c5b4bcfc8] Processed:  App\Jobs\PasswordReset
[2021-07-28 07:23:32][933372b1-7db5-4484-8699-93a4c3a3d0f5] Processed:  App\Jobs\PasswordReset
[2021-07-28 07:23:34][9c83492d-f714-4c83-9b26-cc43ab0bcefb] Processed:  App\Jobs\PasswordReset
[2021-07-28 07:23:34][eed494ec-7238-4dcf-988f-e816bc9e6cf6] Processed:  App\Jobs\PasswordReset
[2021-07-28 07:23:35][3cd908dc-7570-4381-b86b-5ab3d734277f] Processed:  App\Jobs\PasswordReset
[2021-07-28 07:23:36][eaf80c77-06c3-4fe4-a900-51154926d618] Processing: App\Jobs\PasswordReset
[2021-07-28 07:23:40][eaf80c77-06c3-4fe4-a900-51154926d618] Processed:  App\Jobs\PasswordReset
[2021-07-28 08:30:14][2fef1612-cfa6-4c01-99f4-be4748b27bd6] Processing: App\Jobs\PasswordReset
[2021-07-28 08:30:17][071428e2-362a-472f-b2a7-fdcece48cc44] Processing: App\Jobs\PasswordReset
[2021-07-28 08:30:21][2fef1612-cfa6-4c01-99f4-be4748b27bd6] Processed:  App\Jobs\PasswordReset
[2021-07-28 08:30:27][071428e2-362a-472f-b2a7-fdcece48cc44] Processed:  App\Jobs\PasswordReset
